2.2646 	WARNING 	We strongly recommend you activate the PTB sound engine in PsychoPy prefs as the preferred audio engine. Its timing is vastly superior. Your prefs are currently set to use ['sounddevice', 'PTB', 'pyo', 'pygame'] (in that order).
4.7678 	WARNING 	User requested fullscreen with size [1280  720], but screen is actually [1920, 1080]. Using actual size
5.8640 	EXP 	Created window1 = Window(allowGUI=True, allowStencil=False, autoLog=True, backendConf=UNKNOWN, bitsMode=UNKNOWN, blendMode='avg', bpc=(8, 8, 8), color=array([0, 0, 0]), colorSpace='rgb', depthBits=8, fullscr=<method-wrapper '__getattribute__' of attributeSetter object at 0x0000012562EC2130>, gamma=None, gammaErrorPolicy='raise', lms=UNKNOWN, monitor=<psychopy.monitors.calibTools.Monitor object at 0x00000125661BDDF0>, multiSample=False, name='window1', numSamples=2, pos=(0, 0), screen=0, size=array([1920, 1080]), stencilBits=0, stereo=False, units='height', useFBO=True, useRetina=False, viewOri=0.0, viewPos=None, viewScale=None, waitBlanking=True, winType='pyglet')
5.8641 	EXP 	window1: mouseVisible = True
5.8642 	EXP 	window1: mouseVisible = False
5.8642 	EXP 	window1: Attempting to measure frame rate of screen (0) ...
5.8642 	EXP 	window1: recordFrameIntervals = False
6.0322 	EXP 	window1: recordFrameIntervals = True
6.2152 	EXP 	Screen (0) actual frame rate measured at 60.17Hz
6.2153 	EXP 	window1: recordFrameIntervals = False
8.3231 	EXP 	Created text = TextStim(__class__=<class 'psychopy.visual.text.TextStim'>, alignHoriz=method-wrapper(...), alignText='center', alignVert=method-wrapper(...), anchorHoriz='center', anchorVert='center', antialias=True, autoDraw=False, autoLog=True, bold=False, color=array([1, 1, 1]), colorSpace='rgb', contrast=1.0, depth=0.0, flipHoriz=False, flipVert=False, font='Open Sans', fontFiles=[], height=0.05, italic=False, languageStyle='LTR', name='text', opacity=1.0, ori=0.0, pos=array([0., 0.]), rgb=UNKNOWN, text=str(...), units='height', win=Window(...), wrapWidth=1)
8.3238 	EXP 	Created specific_instructions = TextStim(__class__=<class 'psychopy.visual.text.TextStim'>, alignHoriz=method-wrapper(...), alignText='center', alignVert=method-wrapper(...), anchorHoriz='center', anchorVert='center', antialias=True, autoDraw=False, autoLog=True, bold=False, color=array([1, 1, 1]), colorSpace='rgb', contrast=1.0, depth=0.0, flipHoriz=False, flipVert=False, font='Open Sans', fontFiles=[], height=0.05, italic=False, languageStyle='LTR', name='specific_instructions', opacity=1.0, ori=0.0, pos=array([0., 0.]), rgb=UNKNOWN, text='', units='height', win=Window(...), wrapWidth=1)
8.3272 	EXP 	Created text_2 = TextStim(__class__=<class 'psychopy.visual.text.TextStim'>, alignHoriz=method-wrapper(...), alignText='center', alignVert=method-wrapper(...), anchorHoriz='center', anchorVert='center', antialias=True, autoDraw=False, autoLog=True, bold=False, color=array([1, 1, 1]), colorSpace='rgb', contrast=1.0, depth=-1.0, flipHoriz=False, flipVert=False, font='Open Sans', fontFiles=[], height=0.05, italic=False, languageStyle='LTR', name='text_2', opacity=1.0, ori=0.0, pos=array([0., 0.]), rgb=UNKNOWN, text='+', units='height', win=Window(...), wrapWidth=1)
8.3345 	EXP 	Created face_image = ImageStim(__class__=<class 'psychopy.visual.image.ImageStim'>, anchor=('center', 'center'), autoLog=True, color=array([1, 1, 1]), colorSpace='rgb', contrast=1.0, depth=0.0, flipHoriz=False, flipVert=False, image='sin', interpolate=True, mask=None, maskParams=None, name='face_image', opacity=1.0, ori=0.0, pos=array([0., 0.]), size=array([0.5, 0.5]), texRes=128.0, units='height', win=Window(...))
8.3351 	EXP 	Created trial_prompt = TextStim(__class__=<class 'psychopy.visual.text.TextStim'>, alignHoriz=method-wrapper(...), alignText='center', alignVert=method-wrapper(...), anchorHoriz='center', anchorVert='center', antialias=True, autoDraw=False, autoLog=True, bold=False, color=array([1, 1, 1]), colorSpace='rgb', contrast=1.0, depth=-1.0, flipHoriz=False, flipVert=False, font='Open Sans', fontFiles=[], height=0.05, italic=False, languageStyle='LTR', name='trial_prompt', opacity=1.0, ori=0.0, pos=array([ 0. , -0.4]), rgb=UNKNOWN, text='', units='height', win=Window(...), wrapWidth=1)
8.3523 	EXP 	Created out_of_time_2 = TextStim(__class__=<class 'psychopy.visual.text.TextStim'>, alignHoriz=method-wrapper(...), alignText='center', alignVert=method-wrapper(...), anchorHoriz='center', anchorVert='center', antialias=True, autoDraw=False, autoLog=True, bold=False, color=array([1, 1, 1]), colorSpace='rgb', contrast=1.0, depth=0.0, flipHoriz=False, flipVert=False, font='Open Sans', fontFiles=[], height=0.05, italic=False, languageStyle='LTR', name='out_of_time_2', opacity=1.0, ori=0.0, pos=array([0., 0.]), rgb=UNKNOWN, text=str(...), units='height', win=Window(...), wrapWidth=1)
8.3568 	EXP 	window1: mouseVisible = True
8.3692 	EXP 	Created attractiveness_slider = Slider(__class__=<class 'psychopy.visual.slider.Slider'>, autoDraw=False, autoLog=True, borderColor=None, color=None, colorSpace='rgb', depth=0, fillColor=None, flip=False, font='Open Sans', granularity=0.0, labelColor=None, labelHeight=0.05, labelWrapWidth=None, labels=None, lineColor=None, markerColor=None, name='attractiveness_slider', opacity=None, ori=0.0, pos=array([ 0. , -0.4]), readOnly=False, self=UNKNOWN, size=array([1. , 0.1]), startValue=None, style='rating', styleTweaks=[], ticks=array([1, 2, 3, 4, 5]), units='height', win=Window(...))
8.3808 	EXP 	Created attractiveness_instr = TextStim(__class__=<class 'psychopy.visual.text.TextStim'>, alignHoriz=method-wrapper(...), alignText='center', alignVert=method-wrapper(...), anchorHoriz='center', anchorVert='center', antialias=True, autoDraw=False, autoLog=True, bold=False, color=array([1, 1, 1]), colorSpace='rgb', contrast=1.0, depth=-1.0, flipHoriz=False, flipVert=False, font='Open Sans', fontFiles=[], height=0.05, italic=False, languageStyle='LTR', name='attractiveness_instr', opacity=1.0, ori=0.0, pos=array([0., 0.]), rgb=UNKNOWN, text=str(...), units='height', win=Window(...), wrapWidth=1)
8.3869 	EXP 	attractiveness_slider: autoLog = True
8.3869 	EXP 	attractiveness_slider: markerPos = None
8.3869 	EXP 	attractiveness_slider: styleTweaks = []
8.3869 	EXP 	attractiveness_slider: styleTweaks = []
8.3869 	EXP 	attractiveness_slider: styleTweaks = []
8.3869 	EXP 	attractiveness_slider: styleTweaks = []
8.3869 	EXP 	attractiveness_slider: contrast = 1.0
8.3869 	EXP 	attractiveness_slider: autoLog = True
8.3869 	EXP 	text: autoDraw = True
9.5092 	EXP 	Imported fluency_conditions.xlsx as conditions, 5 conditions, 4 params
9.5099 	EXP 	Created sequence: random, trialTypes=5, nReps=1, seed=None
9.5103 	EXP 	New trial (rep=0, index=0): {'cond': 'CONTROL', 'face_file': 'img/B09_01.jpg', 'key_map': 'DK', 'instr': 'Press D or K as soon as you see a face!'}
9.5216 	DATA 	Keypress: space
9.5253 	EXP 	text: autoDraw = False
9.5253 	EXP 	specific_instructions: height = 0.05
9.5253 	EXP 	specific_instructions: height = 0.05
9.5253 	EXP 	specific_instructions: height = 0.05
9.5253 	EXP 	specific_instructions: text = 'Press D or K as soon as you see a face!\n hit spacebar to continue'
9.5253 	EXP 	specific_instructions: autoDraw = True
10.5397 	EXP 	Imported fluency_conditions.xlsx as conditions, 5 conditions, 4 params
10.5407 	EXP 	Created sequence: random, trialTypes=5, nReps=1, seed=None
10.5412 	EXP 	New trial (rep=0, index=0): {'cond': 'CONTROL', 'face_file': 'img/B10_00.jpg', 'key_map': 'DK', 'instr': 'Press D or K as soon as you see a face!'}
10.5416 	EXP 	Created sequence: sequential, trialTypes=1, nReps=99, seed=None
10.5422 	EXP 	New trial (rep=0, index=0): None
10.5449 	DATA 	Keypress: space
10.5485 	EXP 	specific_instructions: autoDraw = False
10.5485 	EXP 	text_2: autoDraw = True
11.8275 	EXP 	text_2: autoDraw = False
11.8275 	EXP 	text_2: autoDraw = False
11.8275 	EXP 	face_image: image = 'img/B10_00.jpg'
11.8275 	EXP 	trial_prompt: height = 0.05
11.8275 	EXP 	trial_prompt: height = 0.05
11.8275 	EXP 	trial_prompt: height = 0.05
11.8275 	EXP 	trial_prompt: text = 'Press D or K as soon as you see a face!'
11.8275 	EXP 	face_image: autoDraw = True
11.8275 	EXP 	trial_prompt: autoDraw = True
13.7905 	EXP 	Created sequence: sequential, trialTypes=1, nReps=1, seed=None
13.7907 	EXP 	New trial (rep=0, index=0): None
13.8066 	EXP 	face_image: autoDraw = False
13.8066 	EXP 	trial_prompt: autoDraw = False
13.8066 	EXP 	out_of_time_2: autoDraw = True
15.3735 	EXP 	New trial (rep=1, index=0): None
15.3875 	DATA 	Keypress: space
15.3918 	EXP 	out_of_time_2: autoDraw = False
15.3918 	EXP 	text_2: autoDraw = True
15.3918 	EXP 	text_2: autoDraw = False
15.3918 	EXP 	text_2: autoDraw = False
15.3918 	EXP 	face_image: image = 'img/B10_00.jpg'
15.3918 	EXP 	trial_prompt: text = 'Press D or K as soon as you see a face!'
15.3918 	EXP 	face_image: autoDraw = True
15.3918 	EXP 	trial_prompt: autoDraw = True
15.8574 	DATA 	Keypress: k
15.8583 	EXP 	Created sequence: sequential, trialTypes=1, nReps=1, seed=None
15.8586 	EXP 	New trial (rep=0, index=0): None
15.8713 	EXP 	face_image: autoDraw = False
15.8713 	EXP 	trial_prompt: autoDraw = False
15.8713 	EXP 	out_of_time_2: autoDraw = True
19.4030 	EXP 	New trial (rep=2, index=0): None
19.4040 	DATA 	Keypress: space
19.4173 	EXP 	out_of_time_2: autoDraw = False
19.4173 	EXP 	text_2: autoDraw = True
21.8991 	EXP 	text_2: autoDraw = False
21.8991 	EXP 	text_2: autoDraw = False
21.8991 	EXP 	face_image: image = 'img/B10_00.jpg'
21.8991 	EXP 	trial_prompt: text = 'Press D or K as soon as you see a face!'
21.8991 	EXP 	face_image: autoDraw = True
21.8991 	EXP 	trial_prompt: autoDraw = True
22.9985 	DATA 	Keypress: k
22.9990 	EXP 	Created sequence: sequential, trialTypes=1, nReps=1, seed=None
22.9992 	EXP 	New trial (rep=0, index=0): None
23.0141 	EXP 	face_image: autoDraw = False
23.0141 	EXP 	trial_prompt: autoDraw = False
23.0141 	EXP 	out_of_time_2: autoDraw = True
26.3623 	DATA 	Keypress: escape
26.6799 	EXP 	window1: mouseVisible = True
